... (truncated)

:55

Adobe PostScript software version: 3018.101
CID support library initialization completed.

Started: Wednesday, November 10, 2021 at 17:19:59

Adobe PostScript software version: 3018.101
CID support library initialization completed.

Started: Wednesday, November 10, 2021 at 17:29:54

Adobe PostScript software version: 3018.101
CID support library initialization completed.

Started: Thursday, November 11, 2021 at 10:38:16

Adobe PostScript software version: 3018.101
CID support library initialization completed.

Started: Thursday, November 11, 2021 at 10:48:08

Adobe PostScript software version: 3018.101
CID support library initialization completed.

Started: Thursday, November 11, 2021 at 17:06:16

Adobe PostScript software version: 3018.101
CID support library initialization completed.

Started: Thursday, November 11, 2021 at 17:16:09

Adobe PostScript software version: 3018.101
CID support library initialization completed.

Started: Friday, November 12, 2021 at 12:15:37

Adobe PostScript software version: 3018.101
CID support library initialization completed.

Started: Friday, November 12, 2021 at 12:25:32

Adobe PostScript software version: 3018.101
CID support library initialization completed.

Started: Monday, November 15, 2021 at 11:01:04

Adobe PostScript software version: 3018.101
CID support library initialization completed.

Started: Monday, November 15, 2021 at 11:10:59

Adobe PostScript software version: 3018.101
CID support library initialization completed.

Started: Tuesday, November 16, 2021 at 16:04:50

Adobe PostScript software version: 3018.101
CID support library initialization completed.

Started: Tuesday, November 16, 2021 at 16:14:44

Adobe PostScript software version: 3018.101
CID support library initialization completed.

Started: Wednesday, November 17, 2021 at 13:51:52

Adobe PostScript software version: 3018.101
CID support library initialization completed.

Started: Wednesday, November 17, 2021 at 14:01:47

Adobe PostScript software version: 3018.101
CID support library initialization completed.

Started: Thursday, November 18, 2021 at 11:24:41

Adobe PostScript software version: 3018.101
CID support library initialization completed.

Started: Thursday, November 18, 2021 at 11:34:34

Adobe PostScript software version: 3018.101
CID support library initialization completed.

Started: Friday, November 19, 2021 at 13:45:59

Adobe PostScript software version: 3018.101
CID support library initialization completed.

Started: Friday, November 19, 2021 at 13:55:53

Adobe PostScript software version: 3018.101
CID support library initialization completed.

Started: Saturday, November 20, 2021 at 13:31:43

Adobe PostScript software version: 3018.101
CID support library initialization completed.

Started: Saturday, November 20, 2021 at 13:41:34

Adobe PostScript software version: 3018.101
CID support library initialization completed.

Started: Sunday, November 21, 2021 at 03:14:46

Adobe PostScript software version: 3018.101
CID support library initialization completed.

Started: Sunday, November 21, 2021 at 03:24:41

Adobe PostScript software version: 3018.101
CID support library initialization completed.

Started: Monday, November 22, 2021 at 15:03:34

Adobe PostScript software version: 3018.101
CID support library initialization completed.

Started: Monday, November 22, 2021 at 15:13:28

Adobe PostScript software version: 3018.101
CID support library initialization completed.

Started: Tuesday, November 23, 2021 at 12:21:38

Adobe PostScript software version: 3018.101
CID support library initialization completed.

Started: Wednesday, November 24, 2021 at 12:05:35

Adobe PostScript software version: 3018.101
CID support library initialization completed.

Started: Wednesday, November 24, 2021 at 12:30:21

Adobe PostScript software version: 3018.101
CID support library initialization completed.

Started: Thursday, November 25, 2021 at 15:12:43

Adobe PostScript software version: 3018.101
CID support library initialization completed.

Started: Thursday, November 25, 2021 at 15:22:36

Adobe PostScript software version: 3018.101
CID support library initialization completed.

Started: Thursday, November 25, 2021 at 15:33:42

Adobe PostScript software version: 3018.101
CID support library initialization completed.

Started: Thursday, November 25, 2021 at 15:38:28

Adobe PostScript software version: 3018.101
CID support library initialization completed.

Started: Friday, November 26, 2021 at 13:30:06

Adobe PostScript software version: 3018.101
CID support library initialization completed.

Started: Friday, November 26, 2021 at 13:35:38

Adobe PostScript software version: 3018.101
CID support library initialization completed.

Started: Friday, November 26, 2021 at 13:45:34

Adobe PostScript software version: 3018.101
CID support library initialization completed.

Started: Sunday, November 28, 2021 at 19:42:12

Adobe PostScript software version: 3018.101
CID support library initialization completed.

Started: Sunday, November 28, 2021 at 19:52:06

Adobe PostScript software version: 3018.101
CID support library initialization completed.

Started: Monday, November 29, 2021 at 11:42:09

Adobe PostScript software version: 3018.101
CID support library initialization completed.

Started: Monday, November 29, 2021 at 11:52:04

Adobe PostScript software version: 3018.101
CID support library initialization completed.

Started: Tuesday, November 30, 2021 at 13:01:05

Adobe PostScript software version: 3018.101
CID support library initialization completed.

Started: Tuesday, November 30, 2021 at 13:10:58

Adobe PostScript software version: 3018.101
CID support library initialization completed.

Started: Wednesday, December 1, 2021 at 11:11:12

Adobe PostScript software version: 3018.101
CID support library initialization completed.

Started: Wednesday, December 1, 2021 at 11:21:05

Adobe PostScript software version: 3018.101
CID support library initialization completed.

Started: Thursday, December 2, 2021 at 12:35:07

Adobe PostScript software version: 3018.101
CID support library initialization completed.

Started: Thursday, December 2, 2021 at 12:44:59

Adobe PostScript software version: 3018.101
CID support library initialization completed.

Started: Friday, December 3, 2021 at 12:14:55

Adobe PostScript software version: 3018.101
CID support library initialization completed.

Started: Friday, December 3, 2021 at 12:24:46

Adobe PostScript software version: 3018.101
CID support library initialization completed.

Started: Saturday, December 4, 2021 at 14:07:01

Adobe PostScript software version: 3018.101
CID support library initialization completed.

Started: Saturday, December 4, 2021 at 14:09:29

Adobe PostScript software version: 3018.101
CID support library initialization completed.

Started: Saturday, December 4, 2021 at 14:19:22

Adobe PostScript software version: 3018.101
CID support library initialization completed.

Started: Saturday, December 4, 2021 at 14:44:26

Adobe PostScript software version: 3018.101
CID support library initialization completed.

Started: Saturday, December 4, 2021 at 17:58:45

Adobe PostScript software version: 3018.101
CID support library initialization completed.

Started: Saturday, December 4, 2021 at 18:08:40

Adobe PostScript software version: 3018.101
CID support library initialization completed.

Started: Sunday, December 5, 2021 at 15:45:57

Adobe PostScript software version: 3018.101
CID support library initialization completed.

Started: Sunday, December 5, 2021 at 15:55:51

Adobe PostScript software version: 3018.101
CID support library initialization completed.

Started: Monday, December 6, 2021 at 14:36:10

Adobe PostScript software version: 3018.101
CID support library initialization completed.

Started: Monday, December 6, 2021 at 14:46:04

Adobe PostScript software version: 3018.101
CID support library initialization completed.

Started: Tuesday, December 7, 2021 at 12:25:13

Adobe PostScript software version: 3018.101
CID support library initialization completed.

Started: Tuesday, December 7, 2021 at 12:35:07

Adobe PostScript software version: 3018.101
CID support library initialization completed.

Started: Wednesday, December 8, 2021 at 12:06:54

Adobe PostScript software version: 3018.101
CID support library initialization completed.

Started: Thursday, December 9, 2021 at 16:15:59

Adobe PostScript software version: 3018.101
CID support library initialization completed.

Started: Thursday, December 9, 2021 at 16:25:43

Adobe PostScript software version: 3018.101
CID support library initialization completed.

Started: Friday, December 10, 2021 at 12:03:16

Adobe PostScript software version: 3018.101
CID support library initialization completed.

Started: Sunday, December 12, 2021 at 13:20:06

Adobe PostScript software version: 3018.101
CID support library initialization completed.

Started: Sunday, December 12, 2021 at 13:35:10

Adobe PostScript software version: 3018.101
CID support library initialization completed.

Started: Monday, December 13, 2021 at 12:25:30

Adobe PostScript software version: 3018.101
CID support library initialization completed.

Started: Monday, December 13, 2021 at 12:35:21

Adobe PostScript software version: 3018.101
CID support library initialization completed.

Started: Tuesday, December 14, 2021 at 11:04:51

Adobe PostScript software version: 3018.101
CID support library initialization completed.

Started: Tuesday, December 14, 2021 at 11:14:44

Adobe PostScript software version: 3018.101
CID support library initialization completed.

Started: Wednesday, December 15, 2021 at 08:43:18

Adobe PostScript software version: 3018.101
CID support library initialization completed.

Started: Wednesday, December 15, 2021 at 08:53:13

Adobe PostScript software version: 3018.101
CID support library initialization completed.

Started: Thursday, December 16, 2021 at 10:20:57

Adobe PostScript software version: 3018.101
CID support library initialization completed.

Started: Thursday, December 16, 2021 at 10:30:48

Adobe PostScript software version: 3018.101
CID support library initialization completed.

Started: Monday, December 20, 2021 at 11:46:35

Adobe PostScript software version: 3018.101
CID support library initialization completed.

Started: Monday, December 20, 2021 at 11:56:30

Adobe PostScript software version: 3018.101
CID support library initialization completed.

Started: Wednesday, December 22, 2021 at 10:53:26

Adobe PostScript software version: 3018.101
CID support library initialization completed.

Started: Wednesday, December 22, 2021 at 11:03:19

Adobe PostScript software version: 3018.101
CID support library initialization completed.

Started: Thursday, December 23, 2021 at 18:18:08

Adobe PostScript software version: 3018.101
CID support library initialization completed.

Started: Thursday, December 23, 2021 at 18:28:00

Adobe PostScript software version: 3018.101
CID support library initialization completed.

Started: Friday, December 24, 2021 at 19:11:42

Adobe PostScript software version: 3018.101
CID support library initialization completed.

Started: Friday, December 24, 2021 at 20:40:10

Adobe PostScript software version: 3018.101
CID support library initialization completed.

Started: Friday, December 24, 2021 at 20:50:03

Adobe PostScript software version: 3018.101
CID support library initialization completed.

Started: Monday, December 27, 2021 at 15:36:07

Adobe PostScript software version: 3018.101
CID support library initialization completed.

Started: Monday, December 27, 2021 at 15:45:59

Adobe PostScript software version: 3018.101
CID support library initialization completed.

Started: Tuesday, December 28, 2021 at 14:37:30

Adobe PostScript software version: 3018.101
CID support library initialization completed.

Started: Tuesday, December 28, 2021 at 14:47:23

Adobe PostScript software version: 3018.101
CID support library initialization completed.

Started: Wednesday, December 29, 2021 at 13:00:47

Adobe PostScript software version: 3018.101
CID support library initialization completed.

Started: Wednesday, December 29, 2021 at 13:10:42

Adobe PostScript software version: 3018.101
CID support library initialization completed.

Started: Thursday, December 30, 2021 at 18:17:50

Adobe PostScript software version: 3018.101
CID support library initialization completed.

Started: Thursday, December 30, 2021 at 18:27:46

Adobe PostScript software version: 3018.101
CID support library initialization completed.

Started: Saturday, January 1, 2022 at 18:00:17

Adobe PostScript software version: 3018.101
CID support library initialization completed.

Started: Saturday, January 1, 2022 at 18:10:10

Adobe PostScript software version: 3018.101
CID support library initialization completed.

Started: Sunday, January 2, 2022 at 14:02:35

Adobe PostScript software version: 3018.101
CID support library initialization completed.

Started: Sunday, January 2, 2022 at 14:12:30

Adobe PostScript software version: 3018.101
CID support library initialization completed.

Started: Monday, January 3, 2022 at 17:14:52

Adobe PostScript software version: 3018.101
CID support library initialization completed.

Started: Monday, January 3, 2022 at 17:24:43

Adobe PostScript software version: 3018.101
CID support library initialization completed.

Started: Tuesday, January 4, 2022 at 14:43:30

Adobe PostScript software version: 3018.101
CID support library initialization completed.

Started: Tuesday, January 4, 2022 at 14:53:25

Adobe PostScript software version: 3018.101
CID support library initialization completed.

Started: Wednesday, January 5, 2022 at 17:05:31

Adobe PostScript software version: 3018.101
CID support library initialization completed.

Started: Wednesday, January 5, 2022 at 17:15:26

Adobe PostScript software version: 3018.101
CID support library initialization completed.

Started: Thursday, January 6, 2022 at 17:21:45

Adobe PostScript software version: 3018.101
CID support library initialization completed.

Started: Thursday, January 6, 2022 at 17:31:36

Adobe PostScript software version: 3018.101
CID support library initialization completed.

Started: Friday, January 7, 2022 at 18:11:02

Adobe PostScript software version: 3018.101
CID support library initialization completed.

Started: Friday, January 7, 2022 at 18:20:51

Adobe PostScript software version: 3018.101
CID support library initialization completed.

Started: Sunday, January 9, 2022 at 17:50:02

Adobe PostScript software version: 3018.101
CID support library initialization completed.

Started: Sunday, January 9, 2022 at 17:59:05

Adobe PostScript software version: 3018.101
CID support library initialization completed.

Started: Monday, January 10, 2022 at 14:03:15

Adobe PostScript software version: 3018.101
CID support library initialization completed.

Started: Monday, January 10, 2022 at 20:36:38

Adobe PostScript software version: 3018.101
CID support library initialization completed.

Started: Monday, January 10, 2022 at 20:46:29

Adobe PostScript software version: 3018.101
CID support library initialization completed.

Started: Tuesday, January 11, 2022 at 10:12:21

Adobe PostScript software version: 3018.101
CID support library initialization completed.

Started: Tuesday, January 11, 2022 at 10:22:13

Adobe PostScript software version: 3018.101
CID support library initialization completed.

Started: Wednesday, January 12, 2022 at 15:05:52

Adobe PostScript software version: 3018.101
CID support library initialization completed.

Started: Wednesday, January 12, 2022 at 15:15:42

Adobe PostScript software version: 3018.101
CID support library initialization completed.

Started: Sunday, January 16, 2022 at 16:08:40

Adobe PostScript software version: 3018.101
CID support library initialization completed.

Started: Sunday, January 16, 2022 at 16:18:32

Adobe PostScript software version: 3018.101
CID support library initialization completed.

Started: Monday, January 17, 2022 at 08:52:59

Adobe PostScript software version: 3018.101
CID support library initialization completed.

Started: Monday, January 17, 2022 at 12:52:35

Adobe PostScript software version: 3018.101
CID support library initialization completed.

Started: Monday, January 17, 2022 at 13:02:31

Adobe PostScript software version: 3018.101
CID support library initialization completed.

Started: Tuesday, January 18, 2022 at 10:49:14

Adobe PostScript software version: 3018.101
CID support library initialization completed.

Started: Tuesday, January 18, 2022 at 10:59:07

Adobe PostScript software version: 3018.101
CID support library initialization completed.

Started: Tuesday, January 18, 2022 at 20:44:06

Adobe PostScript software version: 3018.101
CID support library initialization completed.

Started: Tuesday, January 18, 2022 at 20:54:01

Adobe PostScript software version: 3018.101
CID support library initialization completed.

Started: Wednesday, January 19, 2022 at 08:13:20

Adobe PostScript software version: 3018.101
CID support library initialization completed.

Started: Wednesday, January 19, 2022 at 08:22:47

Adobe PostScript software version: 3018.101
CID support library initialization completed.

Started: Wednesday, January 19, 2022 at 21:06:28

Adobe PostScript software version: 3018.101
CID support library initialization completed.

Started: Wednesday, January 19, 2022 at 21:16:23

Adobe PostScript software version: 3018.101
CID support library initialization completed.

Started: Thursday, January 20, 2022 at 23:07:50

Adobe PostScript software version: 3018.101
CID support library initialization completed.

Started: Thursday, January 20, 2022 at 23:17:44

Adobe PostScript software version: 3018.101
CID support library initialization completed.

Started: Friday, January 21, 2022 at 08:42:48

Adobe PostScript software version: 3018.101
CID support library initialization completed.

Started: Friday, January 21, 2022 at 10:31:13

Adobe PostScript software version: 3018.101
CID support library initialization completed.

Started: Friday, January 21, 2022 at 15:13:12

Adobe PostScript software version: 3018.101
CID support library initialization completed.

Started: Friday, January 21, 2022 at 15:23:07

Adobe PostScript software version: 3018.101
CID support library initialization completed.

Started: Monday, January 24, 2022 at 08:19:43

Adobe PostScript software version: 3018.101
CID support library initialization completed.

Started: Monday, January 24, 2022 at 08:29:03

Adobe PostScript software version: 3018.101
CID support library initialization completed.

Started: Tuesday, January 25, 2022 at 13:06:49

Adobe PostScript software version: 3018.101
CID support library initialization completed.

Started: Tuesday, January 25, 2022 at 13:16:41

Adobe PostScript software version: 3018.101
CID support library initialization completed.

Started: Wednesday, January 26, 2022 at 08:47:13

Adobe PostScript software version: 3018.101
CID support library initialization completed.

Started: Wednesday, January 26, 2022 at 08:56:51

Adobe PostScript software version: 3018.101
CID support library initialization completed.

Started: Thursday, January 27, 2022 at 10:43:09

Adobe PostScript software version: 3018.101
CID support library initialization completed.

Started: Thursday, January 27, 2022 at 10:53:01

Adobe PostScript software version: 3018.101
CID support library initialization completed.

Started: Thursday, January 27, 2022 at 20:52:30

Adobe PostScript software version: 3018.101
CID support library initialization completed.

Started: Thursday, January 27, 2022 at 21:02:23

Adobe PostScript software version: 3018.101
CID support library initialization completed.

Started: Monday, January 31, 2022 at 08:51:52

Adobe PostScript software version: 3018.101
CID support library initialization completed.

Started: Monday, January 31, 2022 at 09:01:42

Adobe PostScript software version: 3018.101
CID support library initialization completed.

Started: Tuesday, February 1, 2022 at 10:14:42

Adobe PostScript software version: 3018.101
CID support library initialization completed.

Started: Tuesday, February 1, 2022 at 10:24:36

Adobe PostScript software version: 3018.101
CID support library initialization completed.

Started: Wednesday, February 2, 2022 at 10:41:18

Adobe PostScript software version: 3018.101
CID support library initialization completed.

Started: Wednesday, February 2, 2022 at 10:47:34

Adobe PostScript software version: 3018.101
CID support library initialization completed.

Started: Thursday, February 3, 2022 at 12:51:14

Adobe PostScript software version: 3018.101
CID support library initialization completed.

Started: Thursday, February 3, 2022 at 13:01:06

Adobe PostScript software version: 3018.101
CID support library initialization completed.

Started: Friday, February 4, 2022 at 20:06:31

Adobe PostScript software version: 3018.101
CID support library initialization completed.

Started: Friday, February 4, 2022 at 20:16:26

Adobe PostScript software version: 3018.101
CID support library initialization completed.

Started: Sunday, February 6, 2022 at 10:04:44

Adobe PostScript software version: 3018.101
CID support library initialization completed.

Started: Sunday, February 6, 2022 at 10:14:30

Adobe PostScript software version: 3018.101
CID support library initialization completed.

Started: Monday, February 7, 2022 at 08:11:55

Adobe PostScript software version: 3018.101
CID support library initialization completed.

Started: Monday, February 7, 2022 at 08:21:04

Adobe PostScript software version: 3018.101
CID support library initialization completed.

Started: Monday, February 7, 2022 at 12:16:23

Adobe PostScript software version: 3018.101
CID support library initialization completed.

Started: Monday, February 7, 2022 at 14:03:02

Adobe PostScript software version: 3018.101
CID support library initialization completed.

Started: Monday, February 7, 2022 at 14:12:56

Adobe PostScript software version: 3018.101
CID support library initialization completed.

Started: Tuesday, February 8, 2022 at 10:49:25

Adobe PostScript software version: 3018.101
CID support library initialization completed.

Started: Tuesday, February 8, 2022 at 10:58:56

Adobe PostScript software version: 3018.101
CID support library initialization completed.

Started: Wednesday, February 9, 2022 at 09:42:27

Adobe PostScript software version: 3018.101
CID support library initialization completed.

Started: Wednesday, February 9, 2022 at 09:53:22

Adobe PostScript software version: 3018.101
CID support library initialization completed.

Started: Thursday, February 10, 2022 at 13:28:09

Adobe PostScript software version: 3018.101
CID support library initialization completed.

Started: Thursday, February 10, 2022 at 13:38:00

Adobe PostScript software version: 3018.101
CID support library initialization completed.

Started: Friday, February 11, 2022 at 12:31:46

Adobe PostScript software version: 3018.101
CID support library initialization completed.

Started: Friday, February 11, 2022 at 12:40:32

Adobe PostScript software version: 3018.101
CID support library initialization completed.

Started: Sunday, February 13, 2022 at 15:50:08

Adobe PostScript software version: 3018.101
CID support library initialization completed.

Started: Sunday, February 13, 2022 at 16:00:02

Adobe PostScript software version: 3018.101
CID support library initialization completed.

Started: Wednesday, February 16, 2022 at 12:09:25

Adobe PostScript software version: 3018.101
CID support library initialization completed.

Started: Wednesday, February 16, 2022 at 12:19:11

Adobe PostScript software version: 3018.101
CID support library initialization completed.

Started: Thursday, February 17, 2022 at 10:46:51

Adobe PostScript software version: 3018.101
CID support library initialization completed.

Started: Thursday, February 17, 2022 at 11:05:41

Adobe PostScript software version: 3018.101
CID support library initialization completed.

Started: Friday, February 18, 2022 at 18:22:51

Adobe PostScript software version: 3018.101
CID support library initialization completed.

Started: Friday, February 18, 2022 at 18:32:41

Adobe PostScript software version: 3018.101
CID support library initialization completed.

Started: Saturday, February 19, 2022 at 21:56:29

Adobe PostScript software version: 3018.101
CID support library initialization completed.

Started: Sunday, February 20, 2022 at 14:40:20

Adobe PostScript software version: 3018.101
CID support library initialization completed.

Started: Sunday, February 20, 2022 at 14:50:15

Adobe PostScript software version: 3018.101
CID support library initialization completed.

Started: Monday, February 21, 2022 at 12:34:35

Adobe PostScript software version: 3018.101
CID support library initialization completed.

Started: Monday, February 21, 2022 at 12:43:30

Adobe PostScript software version: 3018.101
CID support library initialization completed.

Started: Monday, February 21, 2022 at 19:01:20

Adobe PostScript software version: 3018.101
CID support library initialization completed.

Started: Monday, February 21, 2022 at 19:11:15

Adobe PostScript software version: 3018.101
CID support library initialization completed.

Started: Tuesday, February 22, 2022 at 12:18:27

Adobe PostScript software version: 3018.101
CID support library initialization completed.

Started: Tuesday, February 22, 2022 at 12:28:20

Adobe PostScript software version: 3018.101
CID support library initialization completed.

Started: Wednesday, February 23, 2022 at 17:15:30

Adobe PostScript software version: 3018.101
CID support library initialization completed.

Started: Wednesday, February 23, 2022 at 17:25:23

Adobe PostScript software version: 3018.101
CID support library initialization completed.

Started: Thursday, February 24, 2022 at 19:53:35

Adobe PostScript software version: 3018.101
CID support library initialization completed.

Started: Thursday, February 24, 2022 at 20:03:28

Adobe PostScript software version: 3018.101
CID support library initialization completed.

Started: Friday, February 25, 2022 at 15:16:43

Adobe PostScript software version: 3018.101
CID support library initialization completed.

Started: Friday, February 25, 2022 at 15:26:37

Adobe PostScript software version: 3018.101
CID support library initialization completed.

Started: Sunday, February 27, 2022 at 22:23:36

Adobe PostScript software version: 3018.101
CID support library initialization completed.

Started: Sunday, February 27, 2022 at 22:33:30

Adobe PostScript software version: 3018.101
CID support library initialization completed.

Started: Monday, February 28, 2022 at 15:00:03

Adobe PostScript software version: 3018.101
CID support library initialization completed.

Started: Monday, February 28, 2022 at 15:09:55

Adobe PostScript software version: 3018.101
CID support library initialization completed.

Started: Monday, February 28, 2022 at 19:46:58

Adobe PostScript software version: 3018.101
CID support library initialization completed.

Started: Monday, February 28, 2022 at 19:56:51

Adobe PostScript software version: 3018.101
CID support library initialization completed.

Started: Wednesday, March 2, 2022 at 09:24:06

Adobe PostScript software version: 3018.101
CID support library initialization completed.

Started: Wednesday, March 2, 2022 at 09:41:44

Adobe PostScript software version: 3018.101
CID support library initialization completed.

Started: Wednesday, March 2, 2022 at 11:50:53

Adobe PostScript software version: 3018.101
CID support library initialization completed.

Started: Wednesday, March 2, 2022 at 11:56:50

Adobe PostScript software version: 3018.101
CID support library initialization completed.

Started: Wednesday, March 2, 2022 at 18:29:47

Adobe PostScript software version: 3018.101
CID support library initialization completed.

Started: Wednesday, March 2, 2022 at 18:39:40

Adobe PostScript software version: 3018.101
CID support library initialization completed.

Started: Friday, March 4, 2022 at 13:36:57

Adobe PostScript software version: 3018.101
CID support library initialization completed.

Started: Friday, March 4, 2022 at 13:45:47

Adobe PostScript software version: 3018.101
CID support library initialization completed.

Started: Friday, March 4, 2022 at 19:15:22

Adobe PostScript software version: 3018.101
CID support library initialization completed.

Started: Friday, March 4, 2022 at 19:25:17

Adobe PostScript software version: 3018.101
CID support library initialization completed.

Started: Sunday, March 6, 2022 at 20:33:08

Adobe PostScript software version: 3018.101
CID support library initialization completed.

Started: Sunday, March 6, 2022 at 20:43:01

Adobe PostScript software version: 3018.101
CID support library initialization completed.

Started: Monday, March 7, 2022 at 09:37:45

Adobe PostScript software version: 3018.101
CID support library initialization completed.

Started: Monday, March 7, 2022 at 09:45:53

Adobe PostScript software version: 3018.101
CID support library initialization completed.

Started: Monday, March 7, 2022 at 13:02:51

Adobe PostScript software version: 3018.101
CID support library initialization completed.

Started: Monday, March 7, 2022 at 13:11:47

Adobe PostScript software version: 3018.101
CID support library initialization completed.

Started: Tuesday, March 8, 2022 at 12:19:16

Adobe PostScript software version: 3018.101
CID support library initialization completed.

Started: Tuesday, March 8, 2022 at 12:29:11

Adobe PostScript software version: 3018.101
CID support library initialization completed.

Started: Sunday, March 13, 2022 at 20:47:49

Adobe PostScript software version: 3018.101
CID support library initialization completed.

Started: Sunday, March 13, 2022 at 20:57:41

Adobe PostScript software version: 3018.101
CID support library initialization completed.

Started: Monday, March 14, 2022 at 10:17:15

Adobe PostScript software version: 3018.101
CID support library initialization completed.

Started: Monday, March 14, 2022 at 10:28:28

Adobe PostScript software version: 3018.101
CID support library initialization completed.

Started: Monday, March 14, 2022 at 23:48:11

Adobe PostScript software version: 3018.101
CID support library initialization completed.

Started: Monday, March 14, 2022 at 23:58:03

Adobe PostScript software version: 3018.101
CID support library initialization completed.

Started: Tuesday, March 15, 2022 at 16:46:30

Adobe PostScript software version: 3018.101
CID support library initialization completed.

Started: Tuesday, March 15, 2022 at 16:56:26

Adobe PostScript software version: 3018.101
CID support library initialization completed.

Started: Thursday, March 17, 2022 at 13:36:08

Adobe PostScript software version: 3018.101
CID support library initialization completed.

Started: Thursday, March 17, 2022 at 13:45:58

Adobe PostScript software version: 3018.101
CID support library initialization completed.

Started: Thursday, March 17, 2022 at 20:56:51

Adobe PostScript software version: 3018.101
CID support library initialization completed.

Started: Thursday, March 17, 2022 at 21:06:46

Adobe PostScript software version: 3018.101
CID support library initialization completed.

Started: Sunday, March 20, 2022 at 12:56:10

Adobe PostScript software version: 3018.101
CID support library initialization completed.

Started: Sunday, March 20, 2022 at 13:06:03

Adobe PostScript software version: 3018.101
CID support library initialization completed.

Started: Monday, March 21, 2022 at 15:39:51

Adobe PostScript software version: 3018.101
CID support library initialization completed.

Started: Monday, March 21, 2022 at 15:49:44

Adobe PostScript software version: 3018.101
CID support library initialization completed.

Started: Tuesday, March 22, 2022 at 12:58:24

Adobe PostScript software version: 3018.101
CID support library initialization completed.

Started: Tuesday, March 22, 2022 at 13:08:17

Adobe PostScript software version: 3018.101
CID support library initialization completed.

Started: Tuesday, March 22, 2022 at 18:36:06

Adobe PostScript software version: 3018.101
CID support library initialization completed.

Started: Tuesday, March 22, 2022 at 18:45:58

Adobe PostScript software version: 3018.101
CID support library initialization completed.

Started: Thursday, March 24, 2022 at 09:13:09

Adobe PostScript software version: 3018.101
CID support library initialization completed.

Started: Thursday, March 24, 2022 at 09:23:02

Adobe PostScript software version: 3018.101
CID support library initialization completed.

Started: Thursday, March 24, 2022 at 11:51:43

Adobe PostScript software version: 3018.101
CID support library initialization completed.

Started: Thursday, March 24, 2022 at 12:01:38

Adobe PostScript software version: 3018.101
CID support library initialization completed.

Started: Saturday, March 26, 2022 at 11:52:41

Adobe PostScript software version: 3018.101
CID support library initialization completed.

Started: Saturday, March 26, 2022 at 12:02:33

Adobe PostScript software version: 3018.101
CID support library initialization completed.

Started: Sunday, March 27, 2022 at 18:00:21

Adobe PostScript software version: 3018.101
CID support library initialization completed.

Started: Sunday, March 27, 2022 at 18:10:14

Adobe PostScript software version: 3018.101
CID support library initialization completed.

Started: Tuesday, March 29, 2022 at 09:44:04

Adobe PostScript software version: 3018.101
CID support library initialization completed.

Started: Tuesday, March 29, 2022 at 09:53:57

Adobe PostScript software version: 3018.101
CID support library initialization completed.

Started: Wednesday, March 30, 2022 at 08:43:36

Adobe PostScript software version: 3018.101
CID support library initialization completed.

Started: Wednesday, March 30, 2022 at 08:52:52

Adobe PostScript software version: 3018.101
CID support library initialization completed.

Started: Thursday, March 31, 2022 at 11:15:53

Adobe PostScript software version: 3018.101
CID support library initialization completed.

Started: Thursday, March 31, 2022 at 11:25:44

Adobe PostScript software version: 3018.101
CID support library initialization completed.

Started: Thursday, March 31, 2022 at 13:41:25

Adobe PostScript software version: 3018.101
CID support library initialization completed.

Started: Friday, April 1, 2022 at 12:20:32

Adobe PostScript software version: 3018.101
CID support library initialization completed.

Started: Friday, April 1, 2022 at 12:32:17

Adobe PostScript software version: 3018.101
CID support library initialization completed.

Started: Sunday, April 3, 2022 at 13:34:23

Adobe PostScript software version: 3018.101
CID support library initialization completed.

Started: Sunday, April 3, 2022 at 13:44:13

Adobe PostScript software version: 3018.101
CID support library initialization completed.

Started: Sunday, April 3, 2022 at 19:28:59

Adobe PostScript software version: 3018.101
CID support library initialization completed.

Started: Monday, April 4, 2022 at 19:25:43

Adobe PostScript software version: 3018.101
CID support library initialization completed.

Started: Monday, April 4, 2022 at 19:35:33

Adobe PostScript software version: 3018.101
CID support library initialization completed.

Started: Tuesday, April 5, 2022 at 09:01:37

Adobe PostScript software version: 3018.101
CID support library initialization completed.

Started: Tuesday, April 5, 2022 at 09:11:30

Adobe PostScript software version: 3018.101
CID support library initialization completed.

Started: Tuesday, April 5, 2022 at 12:56:48

Adobe PostScript software version: 3018.101
CID support library initialization completed.

Started: Tuesday, April 5, 2022 at 13:06:43

Adobe PostScript software version: 3018.101
CID support library initialization completed.

Started: Tuesday, April 5, 2022 at 17:09:22

Adobe PostScript software version: 3018.101
CID support library initialization completed.

Started: Wednesday, April 6, 2022 at 08:26:32

Adobe PostScript software version: 3018.101
CID support library initialization completed.

Started: Wednesday, April 6, 2022 at 08:35:40

Adobe PostScript software version: 3018.101
CID support library initialization completed.

Started: Wednesday, April 6, 2022 at 12:57:21

Adobe PostScript software version: 3018.101
CID support library initialization completed.

Started: Wednesday, April 6, 2022 at 13:07:16

Adobe PostScript software version: 3018.101
CID support library initialization completed.

Started: Thursday, April 7, 2022 at 10:30:53

Adobe PostScript software version: 3018.101
CID support library initialization completed.

Started: Thursday, April 7, 2022 at 10:40:48

Adobe PostScript software version: 3018.101
CID support library initialization completed.

Started: Thursday, April 7, 2022 at 12:04:24

Adobe PostScript software version: 3018.101
CID support library initialization completed.

Started: Thursday, April 7, 2022 at 12:14:19

Adobe PostScript software version: 3018.101
CID support library initialization completed.

Started: Sunday, April 10, 2022 at 11:08:21

Adobe PostScript software version: 3018.101
CID support library initialization completed.

Started: Sunday, April 10, 2022 at 11:18:12

Adobe PostScript software version: 3018.101
CID support library initialization completed.

Started: Tuesday, April 12, 2022 at 18:25:39

Adobe PostScript software version: 3018.101
CID support library initialization completed.

Started: Tuesday, April 12, 2022 at 18:35:35

Adobe PostScript software version: 3018.101
CID support library initialization completed.

Started: Wednesday, April 13, 2022 at 19:26:47

Adobe PostScript software version: 3018.101
CID support library initialization completed.

Started: Wednesday, April 13, 2022 at 19:36:39

Adobe PostScript software version: 3018.101
CID support library initialization completed.

Started: Thursday, April 14, 2022 at 18:09:43

Adobe PostScript software version: 3018.101
CID support library initialization completed.

Started: Thursday, April 14, 2022 at 18:19:35

Adobe PostScript software version: 3018.101
CID support library initialization completed.

Started: Sunday, April 17, 2022 at 12:18:15

Adobe PostScript software version: 3018.101
CID support library initialization completed.

Started: Sunday, April 17, 2022 at 12:18:32

Adobe PostScript software version: 3018.101
CID support library initialization completed.

Started: Wednesday, April 20, 2022 at 09:02:20

Adobe PostScript software version: 3018.101
CID support library initialization completed.

Started: Wednesday, April 20, 2022 at 09:11:43

Adobe PostScript software version: 3018.101
CID support library initialization completed.

Started: Thursday, April 21, 2022 at 11:27:46

Adobe PostScript software version: 3018.101
CID support library initialization completed.

Started: Thursday, April 21, 2022 at 11:37:38

Adobe PostScript software version: 3018.101
CID support library initialization completed.

Started: Thursday, April 21, 2022 at 20:10:40

Adobe PostScript software version: 3018.101
CID support library initialization completed.

Started: Thursday, April 21, 2022 at 20:20:32

Adobe PostScript software version: 3018.101
CID support library initialization completed.

Started: Friday, April 22, 2022 at 11:57:00

Adobe PostScript software version: 3018.101
CID support library initialization completed.

Started: Friday, April 22, 2022 at 12:06:50

Adobe PostScript software version: 3018.101
CID support library initialization completed.

Started: Saturday, April 23, 2022 at 12:01:27

Adobe PostScript software version: 3018.101
CID support library initialization completed.

Started: Saturday, April 23, 2022 at 12:02:23

Adobe PostScript software version: 3018.101
CID support library initialization completed.

Started: Monday, April 25, 2022 at 10:31:46

Adobe PostScript software version: 3018.101
CID support library initialization completed.

Started: Monday, April 25, 2022 at 17:30:01

Adobe PostScript software version: 3018.101
CID support library initialization completed.

Started: Monday, April 25, 2022 at 17:39:55

Adobe PostScript software version: 3018.101
CID support library initialization completed.

Started: Tuesday, April 26, 2022 at 10:01:59

Adobe PostScript software version: 3018.101
CID support library initialization completed.

Started: Tuesday, April 26, 2022 at 10:11:58

Adobe PostScript software version: 3018.101
CID support library initialization completed.

Started: Wednesday, April 27, 2022 at 10:48:31

Adobe PostScript software version: 3018.101
CID support library initialization completed.

Started: Wednesday, April 27, 2022 at 10:58:23

Adobe PostScript software version: 3018.101
CID support library initialization completed.

Started: Wednesday, April 27, 2022 at 15:59:43

Adobe PostScript software version: 3018.101
CID support library initialization completed.

Started: Wednesday, April 27, 2022 at 16:07:09

Adobe PostScript software version: 3018.101
CID support library initialization completed.

Started: Thursday, April 28, 2022 at 13:09:36

Adobe PostScript software version: 3018.101
CID support library initialization completed.

Started: Thursday, April 28, 2022 at 13:19:26

Adobe PostScript software version: 3018.101
CID support library initialization completed.

Started: Friday, April 29, 2022 at 13:03:03

Adobe PostScript software version: 3018.101
CID support library initialization completed.

Started: Friday, April 29, 2022 at 13:12:54

Adobe PostScript software version: 3018.101
CID support library initialization completed.

Started: Sunday, May 1, 2022 at 15:23:00

Adobe PostScript software version: 3018.101
CID support library initialization completed.

Started: Sunday, May 1, 2022 at 15:32:40

Adobe PostScript software version: 3018.101
CID support library initialization completed.

Started: Sunday, May 1, 2022 at 15:48:57

Adobe PostScript software version: 3018.101
CID support library initialization completed.

Started: Sunday, May 1, 2022 at 15:52:42

Adobe PostScript software version: 3018.101
CID support library initialization completed.

Started: Sunday, May 1, 2022 at 15:58:40

Adobe PostScript software version: 3018.101
CID support library initialization completed.

Started: Sunday, May 1, 2022 at 16:08:32

Adobe PostScript software version: 3018.101
CID support library initialization completed.

Started: Sunday, May 1, 2022 at 17:27:55

Adobe PostScript software version: 3018.101
CID support library initialization completed.

Started: Sunday, May 1, 2022 at 17:37:48

Adobe PostScript software version: 3018.101
CID support library initialization completed.

Started: Sunday, May 1, 2022 at 18:06:49

Adobe PostScript software version: 3018.101
CID support library initialization completed.

Started: Sunday, May 1, 2022 at 18:16:42

Adobe PostScript software version: 3018.101
CID support library initialization completed.

Started: Sunday, May 1, 2022 at 18:56:15

Adobe PostScript software version: 3018.101
CID support library initialization completed.

Started: Sunday, May 1, 2022 at 19:03:44

Adobe PostScript software version: 3018.101
CID support library initialization completed.

Started: Sunday, May 1, 2022 at 19:06:07

Adobe PostScript software version: 3018.101
CID support library initialization completed.

Started: Sunday, May 1, 2022 at 19:16:02

Adobe PostScript software version: 3018.101
CID support library initialization completed.

Started: Sunday, May 1, 2022 at 19:34:36

Adobe PostScript software version: 3018.101
CID support library initialization completed.

Started: Sunday, May 1, 2022 at 19:40:04

Adobe PostScript software version: 3018.101
CID support library initialization completed.

Started: Sunday, May 1, 2022 at 19:50:00

Adobe PostScript software version: 3018.101
CID support library initialization completed.

Started: Sunday, May 1, 2022 at 21:36:38

Adobe PostScript software version: 3018.101
CID support library initialization completed.

Started: Sunday, May 1, 2022 at 21:46:33

Adobe PostScript software version: 3018.101
CID support library initialization completed.

Started: Monday, May 2, 2022 at 07:30:34

Adobe PostScript software version: 3018.101
CID support library initialization completed.

Started: Monday, May 2, 2022 at 07:40:29

Adobe PostScript software version: 3018.101
CID support library initialization completed.

Started: Monday, May 2, 2022 at 14:12:06

Adobe PostScript software version: 3018.101
CID support library initialization completed.

Started: Monday, May 2, 2022 at 14:19:04

Adobe PostScript software version: 3018.101
CID support library initialization completed.

Started: Tuesday, May 3, 2022 at 22:06:16

Adobe PostScript software version: 3018.101
CID support library initialization completed.

Started: Tuesday, May 3, 2022 at 22:16:03

Adobe PostScript software version: 3018.101
CID support library initialization completed.

Started: Wednesday, May 4, 2022 at 08:27:15

Adobe PostScript software version: 3018.101
CID support library initialization completed.

Started: Wednesday, May 4, 2022 at 08:31:58

Adobe PostScript software version: 3018.101
CID support library initialization completed.

Started: Wednesday, May 4, 2022 at 10:54:16

Adobe PostScript software version: 3018.101
CID support library initialization completed.

Started: Wednesday, May 4, 2022 at 11:01:15

Adobe PostScript software version: 3018.101
CID support library initialization completed.

Started: Wednesday, May 4, 2022 at 13:08:32

Adobe PostScript software version: 3018.101
CID support library initialization completed.

Started: Wednesday, May 4, 2022 at 13:18:24

Adobe PostScript software version: 3018.101
CID support library initialization completed.

Started: Friday, May 6, 2022 at 11:48:33

Adobe PostScript software version: 3018.101
CID support library initialization completed.

Started: Friday, May 6, 2022 at 11:57:28

Adobe PostScript software version: 3018.101
CID support library initialization completed.

Started: 8. maj 2022 at 11:07:12

Adobe PostScript software version: 3018.101
CID support library initialization completed.

Started: 8. maj 2022 at 11:17:02

Adobe PostScript software version: 3018.101
CID support library initialization completed.

Started: 10. maj 2022 at 08:05:02

Adobe PostScript software version: 3018.101
CID support library initialization completed.

Started: 10. maj 2022 at 08:14:52

Adobe PostScript software version: 3018.101
CID support library initialization completed.

Started: 11. maj 2022 at 09:17:56

Adobe PostScript software version: 3018.101
CID support library initialization completed.

Started: 11. maj 2022 at 09:27:45

Adobe PostScript software version: 3018.101
CID support library initialization completed.

Started: 11. maj 2022 at 19:33:37

Adobe PostScript software version: 3018.101
CID support library initialization completed.

Started: 11. maj 2022 at 19:43:32

Adobe PostScript software version: 3018.101
CID support library initialization completed.

Started: 12. maj 2022 at 14:33:13

Adobe PostScript software version: 3018.101
CID support library initialization completed.

Started: 12. maj 2022 at 14:43:04

Adobe PostScript software version: 3018.101
CID support library initialization completed.

Started: 13. maj 2022 at 03:49:10

Adobe PostScript software version: 3018.101
CID support library initialization completed.

Started: 13. maj 2022 at 03:59:01

Adobe PostScript software version: 3018.101
CID support library initialization completed.

Started: 14. maj 2022 at 11:02:31

Adobe PostScript software version: 3018.101
CID support library initialization completed.

Started: 14. maj 2022 at 11:12:23

Adobe PostScript software version: 3018.101
CID support library initialization completed.

Started: 15. maj 2022 at 14:24:17

Adobe PostScript software version: 3018.101
CID support library initialization completed.

Started: 15. maj 2022 at 14:34:09

Adobe PostScript software version: 3018.101
CID support library initialization completed.

Started: 16. maj 2022 at 07:53:09

Adobe PostScript software version: 3018.101
CID support library initialization completed.

Started: 16. maj 2022 at 08:03:00

Adobe PostScript software version: 3018.101
CID support library initialization completed.

Started: 17. maj 2022 at 11:48:48

Adobe PostScript software version: 3018.101
CID support library initialization completed.

Started: 17. maj 2022 at 11:58:40

Adobe PostScript software version: 3018.101
CID support library initialization completed.

Started: 18. maj 2022 at 08:58:11

Adobe PostScript software version: 3018.101
CID support library initialization completed.

Started: 18. maj 2022 at 09:07:41

Adobe PostScript software version: 3018.101
CID support library initialization completed.

Started: 20. maj 2022 at 08:58:46

Adobe PostScript software version: 3018.101
CID support library initialization completed.

Started: 20. maj 2022 at 09:08:40

Adobe PostScript software version: 3018.101
CID support library initialization completed.

Started: 21. maj 2022 at 16:45:41

Adobe PostScript software version: 3018.101
CID support library initialization completed.

Started: 21. maj 2022 at 16:55:22

Adobe PostScript software version: 3018.101
CID support library initialization completed.

Started: 25. maj 2022 at 22:45:09

Adobe PostScript software version: 3018.101
CID support library initialization completed.

Started: 25. maj 2022 at 22:54:51

Adobe PostScript software version: 3018.101
CID support library initialization completed.

Started: 26. maj 2022 at 17:20:42

Adobe PostScript software version: 3018.101
CID support library initialization completed.

Started: 26. maj 2022 at 17:30:36

Adobe PostScript software version: 3018.101
CID support library initialization completed.

Started: 27. maj 2022 at 10:46:49

Adobe PostScript software version: 3018.101
CID support library initialization completed.

Started: 27. maj 2022 at 10:56:41

Adobe PostScript software version: 3018.101
CID support library initialization completed.

Started: 30. maj 2022 at 13:06:30

Adobe PostScript software version: 3018.101
CID support library initialization completed.

Started: 30. maj 2022 at 13:14:37

Adobe PostScript software version: 3018.101
CID support library initialization completed.

Started: 31. maj 2022 at 08:49:07

Adobe PostScript software version: 3018.101
CID support library initialization completed.

Started: 31. maj 2022 at 08:59:00

Adobe PostScript software version: 3018.101
CID support library initialization completed.

Started: 2. juni 2022 at 11:40:29

Adobe PostScript software version: 3018.101
CID support library initialization completed.

Started: 2. juni 2022 at 11:50:15

Adobe PostScript software version: 3018.101
CID support library initialization completed.

Started: 2. juni 2022 at 15:08:23

Adobe PostScript software version: 3018.101
CID support library initialization completed.

Started: 2. juni 2022 at 15:17:44

Adobe PostScript software version: 3018.101
CID support library initialization completed.

Started: 3. juni 2022 at 13:59:48

Adobe PostScript software version: 3018.101
CID support library initialization completed.

Started: 3. juni 2022 at 14:09:39

Adobe PostScript software version: 3018.101
CID support library initialization completed.

Started: 5. juni 2022 at 12:04:37

Adobe PostScript software version: 3018.101
CID support library initialization completed.

Started: 7. juni 2022 at 15:00:16

Adobe PostScript software version: 3018.101
CID support library initialization completed.

Started: 7. juni 2022 at 15:06:31

Adobe PostScript software version: 3018.101
CID support library initialization completed.

Started: 7. juni 2022 at 16:56:13

Adobe PostScript software version: 3018.101
CID support library initialization completed.

Started: 7. juni 2022 at 17:06:07

Adobe PostScript software version: 3018.101
CID support library initialization completed.

Started: 8. juni 2022 at 17:44:21

Adobe PostScript software version: 3018.101
CID support library initialization completed.

Started: 8. juni 2022 at 17:54:13

Adobe PostScript software version: 3018.101
CID support library initialization completed.

Started: 10. juni 2022 at 11:40:43

Adobe PostScript software version: 3018.101
CID support library initialization completed.

Started: 10. juni 2022 at 11:50:32

Adobe PostScript software version: 3018.101
CID support library initialization completed.

Started: 11. juni 2022 at 16:49:34

Adobe PostScript software version: 3018.101
CID support library initialization completed.

Started: 11. juni 2022 at 16:59:27

Adobe PostScript software version: 3018.101
CID support library initialization completed.

Started: 13. juni 2022 at 11:36:55

Adobe PostScript software version: 3018.101
CID support library initialization completed.

Started: 13. juni 2022 at 11:46:45

Adobe PostScript software version: 3018.101
CID support library initialization completed.

Started: 14. juni 2022 at 10:28:57

Adobe PostScript software version: 3018.101
CID support library initialization completed.

Started: 14. juni 2022 at 13:06:08

Adobe PostScript software version: 3018.101
CID support library initialization completed.

Started: 14. juni 2022 at 13:15:47

Adobe PostScript software version: 3018.101
CID support library initialization completed.

Started: 16. juni 2022 at 13:14:07

Adobe PostScript software version: 3018.101
CID support library initialization completed.

Started: 16. juni 2022 at 13:24:00

Adobe PostScript software version: 3018.101
CID support library initialization completed.

Started: 17. juni 2022 at 13:37:17

Adobe PostScript software version: 3018.101
CID support library initialization completed.

Started: 17. juni 2022 at 13:47:06

Adobe PostScript software version: 3018.101
CID support library initialization completed.

Started: 17. juni 2022 at 20:06:21

Adobe PostScript software version: 3018.101
CID support library initialization completed.

Started: 17. juni 2022 at 20:16:13

Adobe PostScript software version: 3018.101
CID support library initialization completed.

Started: 18. juni 2022 at 03:02:54

Adobe PostScript software version: 3018.101
CID support library initialization completed.

Started: 18. juni 2022 at 03:12:49

Adobe PostScript software version: 3018.101
CID support library initialization completed.

Started: 19. juni 2022 at 18:15:31

Adobe PostScript software version: 3018.101
CID support library initialization completed.

Started: 19. juni 2022 at 18:25:24

Adobe PostScript software version: 3018.101
CID support library initialization completed.

Started: 20. juni 2022 at 15:56:29

Adobe PostScript software version: 3018.101
CID support library initialization completed.

Started: 20. juni 2022 at 16:06:20

Adobe PostScript software version: 3018.101
CID support library initialization completed.

Started: 22. juni 2022 at 14:27:25

Adobe PostScript software version: 3018.101
CID support library initialization completed.

Started: 22. juni 2022 at 14:37:17

Adobe PostScript software version: 3018.101
CID support library initialization completed.

Started: 26. juni 2022 at 14:30:46

Adobe PostScript software version: 3018.101
CID support library initialization completed.

Started: 26. juni 2022 at 14:40:38

Adobe PostScript software version: 3018.101
CID support library initialization completed.

Started: 28. juni 2022 at 13:38:06

Adobe PostScript software version: 3018.101
CID support library initialization completed.

Started: 28. juni 2022 at 13:47:56

Adobe PostScript software version: 3018.101
CID support library initialization completed.

Started: 29. juni 2022 at 10:41:31

Adobe PostScript software version: 3018.101
CID support library initialization completed.

Started: 29. juni 2022 at 10:51:24

Adobe PostScript software version: 3018.101
CID support library initialization completed.

Started: 29. juni 2022 at 13:04:43

Adobe PostScript software version: 3018.101
CID support library initialization completed.

Started: 29. juni 2022 at 13:14:35

Adobe PostScript software version: 3018.101
CID support library initialization completed.

Started: 1. juli 2022 at 10:00:32

Adobe PostScript software version: 3018.101
CID support library initialization completed.

Started: 1. juli 2022 at 10:10:21

Adobe PostScript software version: 3018.101
CID support library initialization completed.

Started: 4. juli 2022 at 14:04:50

Adobe PostScript software version: 3018.101
CID support library initialization completed.

Started: 4. juli 2022 at 14:14:41

Adobe PostScript software version: 3018.101
CID support library initialization completed.

Started: 5. juli 2022 at 13:35:30

Adobe PostScript software version: 3018.101
CID support library initialization completed.

Started: 5. juli 2022 at 13:45:20

Adobe PostScript software version: 3018.101
CID support library initialization completed.

Started: 7. juli 2022 at 10:51:46

Adobe PostScript software version: 3018.101
CID support library initialization completed.

Started: 7. juli 2022 at 11:01:36

Adobe PostScript software version: 3018.101
CID support library initialization completed.

Started: 7. juli 2022 at 15:28:14

Adobe PostScript software version: 3018.101
CID support library initialization completed.

Started: 7. juli 2022 at 15:38:06

Adobe PostScript software version: 3018.101
CID support library initialization completed.

Started: 12. juli 2022 at 12:33:59

Adobe PostScript software version: 3018.101
CID support library initialization completed.

Started: 12. juli 2022 at 12:43:44

Adobe PostScript software version: 3018.101
CID support library initialization completed.

Started: 13. juli 2022 at 11:42:56

Adobe PostScript software version: 3018.101
CID support library initialization completed.

Started: 13. juli 2022 at 11:52:46

Adobe PostScript software version: 3018.101
CID support library initialization completed.

Started: 14. juli 2022 at 22:47:35

Adobe PostScript software version: 3018.101
CID support library initialization completed.

Started: 14. juli 2022 at 22:57:21

Adobe PostScript software version: 3018.101
CID support library initialization completed.

Started: 19. juli 2022 at 12:23:21

Adobe PostScript software version: 3018.101
CID support library initialization completed.

Started: 21. juli 2022 at 10:21:12

Adobe PostScript software version: 3018.101
CID support library initialization completed.

Started: 21. juli 2022 at 10:31:04

Adobe PostScript software version: 3018.101
CID support library initialization completed.

Started: 21. juli 2022 at 16:06:18

Adobe PostScript software version: 3018.101
CID support library initialization completed.

Started: 21. juli 2022 at 16:16:13

Adobe PostScript software version: 3018.101
CID support library initialization completed.

Started: 22. juli 2022 at 11:33:45

Adobe PostScript software version: 3018.101
CID support library initialization completed.

Started: 22. juli 2022 at 11:43:37

Adobe PostScript software version: 3018.101
CID support library initialization completed.

Started: 26. juli 2022 at 12:00:56

Adobe PostScript software version: 3018.101
CID support library initialization completed.

Started: 26. juli 2022 at 12:07:52

Adobe PostScript software version: 3018.101
CID support library initialization completed.

Started: 28. juli 2022 at 13:04:46

Adobe PostScript software version: 3018.101
CID support library initialization completed.

Started: 28. juli 2022 at 13:14:38

Adobe PostScript software version: 3018.101
CID support library initialization completed.

Started: 28. juli 2022 at 13:17:01

Adobe PostScript software version: 3018.101
CID support library initialization completed.

Started: 28. juli 2022 at 13:26:53

Adobe PostScript software version: 3018.101
CID support library initialization completed.

Started: 2. august 2022 at 13:24:14

Adobe PostScript software version: 3018.101
CID support library initialization completed.

Started: 4. august 2022 at 19:52:03

Adobe PostScript software version: 3018.101
CID support library initialization completed.

Started: 4. august 2022 at 20:01:53

Adobe PostScript software version: 3018.101
CID support library initialization completed.

Started: 6. august 2022 at 13:16:27

Adobe PostScript software version: 3018.101
CID support library initialization completed.

Started: 6. august 2022 at 13:26:15

Adobe PostScript software version: 3018.101
CID support library initialization completed.

Started: 8. august 2022 at 14:00:09

Adobe PostScript software version: 3018.101
CID support library initialization completed.

Started: 8. august 2022 at 14:09:55

Adobe PostScript software version: 3018.101
CID support library initialization completed.

Started: 12. august 2022 at 08:25:48

Adobe PostScript software version: 3018.101
CID support library initialization completed.

Started: 12. august 2022 at 08:34:54

Adobe PostScript software version: 3018.101
CID support library initialization completed.

Started: 12. august 2022 at 10:25:24

Adobe PostScript software version: 3018.101
CID support library initialization completed.

Started: 12. august 2022 at 15:59:00

Adobe PostScript software version: 3018.101
CID support library initialization completed.

Started: 15. august 2022 at 08:10:55

Adobe PostScript software version: 3018.101
CID support library initialization completed.

Started: 15. august 2022 at 08:19:55

Adobe PostScript software version: 3018.101
CID support library initialization completed.

Started: 15. august 2022 at 11:49:40

Adobe PostScript software version: 3018.101
CID support library initialization completed.

Started: 15. august 2022 at 11:58:46

Adobe PostScript software version: 3018.101
CID support library initialization completed.

Started: 17. august 2022 at 08:20:29

Adobe PostScript software version: 3018.101
CID support library initialization completed.

Started: 17. august 2022 at 08:28:31

Adobe PostScript software version: 3018.101
CID support library initialization completed.

Started: 18. august 2022 at 16:14:12

Adobe PostScript software version: 3018.101
CID support library initialization completed.

Started: 18. august 2022 at 16:24:02

Adobe PostScript software version: 3018.101
CID support library initialization completed.

Started: 18. august 2022 at 19:10:00

Adobe PostScript software version: 3018.101
CID support library initialization completed.

Started: 18. august 2022 at 19:19:51

Adobe PostScript software version: 3018.101
CID support library initialization completed.

Started: 19. august 2022 at 08:46:08

Adobe PostScript software version: 3018.101
CID support library initialization completed.

Started: 19. august 2022 at 09:00:57

Adobe PostScript software version: 3018.101
CID support library initialization completed.

Started: 19. august 2022 at 13:02:35

Adobe PostScript software version: 3018.101
CID support library initialization completed.

Started: 19. august 2022 at 13:03:05

Adobe PostScript software version: 3018.101
CID support library initialization completed.

Started: 22. august 2022 at 08:31:28

Adobe PostScript software version: 3018.101
CID support library initialization completed.

Started: 22. august 2022 at 08:40:17

Adobe PostScript software version: 3018.101
CID support library initialization completed.

Started: 22. august 2022 at 12:27:34

Adobe PostScript software version: 3018.101
CID support library initialization completed.

Started: 22. august 2022 at 12:36:23

Adobe PostScript software version: 3018.101
CID support library initialization completed.

Started: 24. august 2022 at 08:51:07

Adobe PostScript software version: 3018.101
CID support library initialization completed.

Started: 24. august 2022 at 08:53:32

Adobe PostScript software version: 3018.101
CID support library initialization completed.

Started: 25. august 2022 at 14:23:06

Adobe PostScript software version: 3018.101
CID support library initialization completed.

Started: 25. august 2022 at 14:32:50

Adobe PostScript software version: 3018.101
CID support library initialization completed.

Started: 26. august 2022 at 08:08:11

Adobe PostScript software version: 3018.101
CID support library initialization completed.

Started: 26. august 2022 at 08:17:56

Adobe PostScript software version: 3018.101
CID support library initialization completed.

Started: 26. august 2022 at 13:06:26

Adobe PostScript software version: 3018.101
CID support library initialization completed.

Started: 26. august 2022 at 13:13:52

Adobe PostScript software version: 3018.101
CID support library initialization completed.

Started: 28. august 2022 at 16:43:06

Adobe PostScript software version: 3018.101
CID support library initialization completed.

Started: 28. august 2022 at 16:52:27

Adobe PostScript software version: 3018.101
CID support library initialization completed.

Started: 29. august 2022 at 13:48:04

Adobe PostScript software version: 3018.101
CID support library initialization completed.

Started: 29. august 2022 at 13:57:36

Adobe PostScript software version: 3018.101
CID support library initialization completed.

Started: 30. august 2022 at 15:03:19

Adobe PostScript software version: 3018.101
CID support library initialization completed.

Started: 30. august 2022 at 15:12:15

Adobe PostScript software version: 3018.101
CID support library initialization completed.

Started: 31. august 2022 at 08:36:41

Adobe PostScript software version: 3018.101
CID support library initialization completed.

Started: 31. august 2022 at 08:42:43

Adobe PostScript software version: 3018.101
CID support library initialization completed.

Started: 1. september 2022 at 10:34:57

Adobe PostScript software version: 3018.101
CID support library initialization completed.

Started: 1. september 2022 at 10:43:52

Adobe PostScript software version: 3018.101
CID support library initialization completed.

Started: 2. september 2022 at 09:07:34

Adobe PostScript software version: 3018.101
CID support library initialization completed.

Started: 2. september 2022 at 09:15:42

Adobe PostScript software version: 3018.101
CID support library initialization completed.

Started: 4. september 2022 at 14:19:31

Adobe PostScript software version: 3018.101
CID support library initialization completed.

Started: 4. september 2022 at 14:29:07

Adobe PostScript software version: 3018.101
CID support library initialization completed.

Started: 5. september 2022 at 08:56:56

Adobe PostScript software version: 3018.101
CID support library initialization completed.

Started: 5. september 2022 at 09:06:18

Adobe PostScript software version: 3018.101
CID support library initialization completed.

Started: 5. september 2022 at 14:49:27

Adobe PostScript software version: 3018.101
CID support library initialization completed.

Started: 5. september 2022 at 14:55:46

Adobe PostScript software version: 3018.101
CID support library initialization completed.

Started: 6. september 2022 at 11:54:48

Adobe PostScript software version: 3018.101
CID support library initialization completed.

Started: 6. september 2022 at 12:03:39

Adobe PostScript software version: 3018.101
CID support library initialization completed.

Started: 7. september 2022 at 08:32:15

Adobe PostScript software version: 3018.101
CID support library initialization completed.

Started: 7. september 2022 at 09:04:45

Adobe PostScript software version: 3018.101
CID support library initialization completed.

Started: 7. september 2022 at 11:52:47

Adobe PostScript software version: 3018.101
CID support library initialization completed.

Started: 7. september 2022 at 12:02:39

Adobe PostScript software version: 3018.101
CID support library initialization completed.

Started: 8. september 2022 at 11:42:47

Adobe PostScript software version: 3018.101
CID support library initialization completed.

Started: 8. september 2022 at 11:49:43

Adobe PostScript software version: 3018.101
CID support library initialization completed.

Started: 9. september 2022 at 17:50:22

Adobe PostScript software version: 3018.101
CID support library initialization completed.

Started: 9. september 2022 at 18:00:12

Adobe PostScript software version: 3018.101
CID support library initialization completed.

Started: 12. september 2022 at 08:31:42

Adobe PostScript software version: 3018.101
CID support library initialization completed.

Started: 12. september 2022 at 08:40:48

Adobe PostScript software version: 3018.101
CID support library initialization completed.

Started: 13. september 2022 at 18:29:21

Adobe PostScript software version: 3018.101
CID support library initialization completed.

Started: 13. september 2022 at 18:38:11

Adobe PostScript software version: 3018.101
CID support library initialization completed.

Started: 14. september 2022 at 08:43:57

Adobe PostScript software version: 3018.101
CID support library initialization completed.

Started: 14. september 2022 at 08:52:47

Adobe PostScript software version: 3018.101
CID support library initialization completed.

Started: 14. september 2022 at 16:00:54

Adobe PostScript software version: 3018.101
CID support library initialization completed.

Started: 14. september 2022 at 16:10:46

Adobe PostScript software version: 3018.101
CID support library initialization completed.

Started: 15. september 2022 at 10:18:09

Adobe PostScript software version: 3018.101
CID support library initialization completed.

Started: 15. september 2022 at 10:28:02

Adobe PostScript software version: 3018.101
CID support library initialization completed.

Started: 16. september 2022 at 08:44:48

Adobe PostScript software version: 3018.101
CID support library initialization completed.

Started: 16. september 2022 at 08:50:39

Adobe PostScript software version: 3018.101
CID support library initialization completed.

Started: 19. september 2022 at 13:33:12

Adobe PostScript software version: 3018.101
CID support library initialization completed.

Started: 19. september 2022 at 13:43:03

Adobe PostScript software version: 3018.101
CID support library initialization completed.

Started: 20. september 2022 at 14:26:23

Adobe PostScript software version: 3018.101
CID support library initialization completed.

Started: 20. september 2022 at 14:36:14

Adobe PostScript software version: 3018.101
CID support library initialization completed.

Started: 21. september 2022 at 08:40:53

Adobe PostScript software version: 3018.101
CID support library initialization completed.

Started: 21. september 2022 at 08:48:57

Adobe PostScript software version: 3018.101
CID support library initialization completed.

Started: 23. september 2022 at 09:34:45

Adobe PostScript software version: 3018.101
CID support library initialization completed.

Started: 23. september 2022 at 09:43:58

Adobe PostScript software version: 3018.101
CID support library initialization completed.

Started: 24. september 2022 at 10:40:46

Adobe PostScript software version: 3018.101
CID support library initialization completed.

Started: 24. september 2022 at 10:50:34

Adobe PostScript software version: 3018.101
CID support library initialization completed.

Started: 24. september 2022 at 20:35:49

Adobe PostScript software version: 3018.101
CID support library initialization completed.

Started: 26. september 2022 at 10:33:05

Adobe PostScript software version: 3018.101
CID support library initialization completed.

Started: 26. september 2022 at 10:41:29

Adobe PostScript software version: 3018.101
CID support library initialization completed.

Started: 28. september 2022 at 08:26:31

Adobe PostScript software version: 3018.101
CID support library initialization completed.

Started: 28. september 2022 at 08:35:37

Adobe PostScript software version: 3018.101
CID support library initialization completed.

Started: 29. september 2022 at 15:03:15

Adobe PostScript software version: 3018.101
CID support library initialization completed.

Started: 29. september 2022 at 15:13:02

Adobe PostScript software version: 3018.101
CID support library initialization completed.

Started: 29. september 2022 at 16:12:13

Adobe PostScript software version: 3018.101
CID support library initialization completed.

Started: 29. september 2022 at 16:21:09

Adobe PostScript software version: 3018.101
CID support library initialization completed.

Started: 30. september 2022 at 08:38:08

Adobe PostScript software version: 3018.101
CID support library initialization completed.

Started: 30. september 2022 at 08:47:26

Adobe PostScript software version: 3018.101
CID support library initialization completed.

Started: 30. september 2022 at 12:55:12

Adobe PostScript software version: 3018.101
CID support library initialization completed.

Started: 30. september 2022 at 13:04:32

Adobe PostScript software version: 3018.101
CID support library initialization completed.

Started: 3. oktober 2022 at 09:24:12

Adobe PostScript software version: 3018.101
CID support library initialization completed.

Started: 3. oktober 2022 at 09:24:29

Adobe PostScript software version: 3018.101
CID support library initialization completed.

Started: 5. oktober 2022 at 11:10:11

Adobe PostScript software version: 3018.101
CID support library initialization completed.

Started: 5. oktober 2022 at 11:19:00

Adobe PostScript software version: 3018.101
CID support library initialization completed.

Started: 7. oktober 2022 at 09:55:32

Adobe PostScript software version: 3018.101
CID support library initialization completed.

Started: 10. oktober 2022 at 08:44:22

Adobe PostScript software version: 3018.101
CID support library initialization completed.

Started: 10. oktober 2022 at 08:49:06

Adobe PostScript software version: 3018.101
CID support library initialization completed.

Started: 10. oktober 2022 at 21:25:26

Adobe PostScript software version: 3018.101
CID support library initialization completed.

Started: 10. oktober 2022 at 21:35:14

Adobe PostScript software version: 3018.101
CID support library initialization completed.

Started: 11. oktober 2022 at 12:29:04

Adobe PostScript software version: 3018.101
CID support library initialization completed.

Started: 11. oktober 2022 at 12:38:52

Adobe PostScript software version: 3018.101
CID support library initialization completed.

Started: 12. oktober 2022 at 11:27:51

Adobe PostScript software version: 3018.101
CID support library initialization completed.

Started: 12. oktober 2022 at 11:37:42

Adobe PostScript software version: 3018.101
CID support library initialization completed.

Started: 12. oktober 2022 at 17:22:51

Adobe PostScript software version: 3018.101
CID support library initialization completed.

Started: 13. oktober 2022 at 09:31:15

Adobe PostScript software version: 3018.101
CID support library initialization completed.

Started: 13. oktober 2022 at 09:41:11

Adobe PostScript software version: 3018.101
CID support library initialization completed.

Started: 5. december 2022 at 13:38:32

Adobe PostScript software version: 3018.101
CID support library initialization completed.

Started: 1. februar 2023 at 20:35:29

Adobe PostScript software version: 3018.101
CID support library initialization completed.

Start Time: 1. februar 2023 at 20:35:29
Source: PMtoDistiller_ID_2:CV23-01
Destination: C:\Users\chuzi\Documents\Applications_Jobs_2022\CV23-MMD.pdf
Adobe PDF Settings: C:\ProgramData\Adobe\Adobe PDF\Settings\Standard.joboptions
C:\Users\chuzi\Documents\Applications_Jobs_2022\CV23-MMD.log
%%[ ProductName: Distiller ]%%
%%[Page: 1]%%
%%[LastPage]%%
Distill Time: 00 Hour(s) : 00 Minute(s) : 04.938 Second(s)
**** End of Job ****


Started: 1. februar 2023 at 20:44:32

Adobe PostScript software version: 3018.101
CID support library initialization completed.

Started: 14. februar 2023 at 15:26:14

Adobe PostScript software version: 3018.101
CID support library initialization completed.

Started: 25. februar 2023 at 14:14:47

Adobe PostScript software version: 3018.101
CID support library initialization completed.
